#
# There is insufficient memory for the Java Runtime Environment to continue.
# Native memory allocation (mmap) failed to map 175112192 bytes for committing reserved memory.
# Possible reasons:
#   The system is out of physical RAM or swap space
#   In 32 bit mode, the process size limit was hit
# Possible solutions:
#   Reduce memory load on the system
#   Increase physical memory or swap space
#   Check if swap backing store is full
#   Use 64 bit Java on a 64 bit OS
#   Decrease Java heap size (-Xmx/-Xms)
#   Decrease number of Java threads
#   Decrease Java thread stack sizes (-Xss)
#   Set larger code cache with -XX:ReservedCodeCacheSize=
# This output file may be truncated or incomplete.
#
#  Out of Memory Error (os_linux.cpp:2640), pid=2258, tid=0x00007f3401e0c700
#
# JRE version:  (8.0_152-b06) (build )
# Java VM: OpenJDK 64-Bit Server VM (25.152-b06 mixed mode linux-amd64 compressed oops)
# Failed to write core dump. Core dumps have been disabled. To enable core dumping, try "ulimit -c unlimited" before starting Java again
#

---------------  T H R E A D  ---------------

Current thread (0x00007f33f800b000):  JavaThread "Unknown thread" [_thread_in_vm, id=2259, stack(0x00007f3401d0d000,0x00007f3401e0d000)]

Stack: [0x00007f3401d0d000,0x00007f3401e0d000],  sp=0x00007f3401e0b630,  free space=1017k
Native frames: (J=compiled Java code, j=interpreted, Vv=VM code, C=native code)
V  [libjvm.so+0xa70d3f]  VMError::report_and_die()+0x2af
V  [libjvm.so+0x4c7207]  report_vm_out_of_memory(char const*, int, unsigned long, VMErrorType, char const*)+0x67
V  [libjvm.so+0x8b5b70]  os::pd_commit_memory(char*, unsigned long, unsigned long, bool)+0x100
V  [libjvm.so+0x8b078f]  os::commit_memory(char*, unsigned long, unsigned long, bool)+0x1f
V  [libjvm.so+0x92e446]  PSVirtualSpace::expand_by(unsigned long)+0x56
V  [libjvm.so+0x91edcc]  PSOldGen::initialize(ReservedSpace, unsigned long, char const*, int)+0x8c
V  [libjvm.so+0x2ade5e]  AdjoiningGenerations::AdjoiningGenerations(ReservedSpace, GenerationSizer*, unsigned long)+0x2fe
V  [libjvm.so+0x8dc7c2]  ParallelScavengeHeap::initialize()+0x222
V  [libjvm.so+0xa343ba]  Universe::initialize_heap()+0x16a
V  [libjvm.so+0xa34693]  universe_init()+0x33
V  [libjvm.so+0x60d650]  init_globals()+0x50
V  [libjvm.so+0xa18267]  Threads::create_vm(JavaVMInitArgs*, bool*)+0x257
V  [libjvm.so+0x687761]  JNI_CreateJavaVM+0x51
C  [libjli.so+0x7c04]  JavaMain+0x84
C  [libpthread.so.0+0x75aa]  start_thread+0xda


---------------  P R O C E S S  ---------------

Java Threads: ( => current thread )

Other Threads:

=>0x00007f33f800b000 (exited) JavaThread "Unknown thread" [_thread_in_vm, id=2259, stack(0x00007f3401d0d000,0x00007f3401e0d000)]

VM state:not at safepoint (not fully initialized)

VM Mutex/Monitor currently owned by a thread: None

GC Heap History (0 events):
No events

Deoptimization events (0 events):
No events

Classes redefined (0 events):
No events

Internal exceptions (0 events):
No events

Events (0 events):
No events


Dynamic libraries:
6d1d00000-76d200000 ---p 00000000 00:00 0 
76d200000-772500000 rw-p 00000000 00:00 0 
772500000-7c0000000 ---p 00000000 00:00 0 
55f040934000-55f040935000 r-xp 00000000 08:01 4603007                    /home/pinger/Android/android-studio/jre/jre/bin/java
55f040b34000-55f040b35000 r--p 00000000 08:01 4603007                    /home/pinger/Android/android-studio/jre/jre/bin/java
55f040b35000-55f040b36000 rw-p 00001000 08:01 4603007                    /home/pinger/Android/android-studio/jre/jre/bin/java
55f041a9f000-55f041ac0000 rw-p 00000000 00:00 0                          [heap]
7f33e9000000-7f33e9270000 rwxp 00000000 00:00 0 
7f33e9270000-7f33f8000000 ---p 00000000 00:00 0 
7f33f8000000-7f33f8035000 rw-p 00000000 00:00 0 
7f33f8035000-7f33fc000000 ---p 00000000 00:00 0 
7f33fe08c000-7f33fe302000 rw-p 00000000 00:00 0 
7f33fe302000-7f33fe830000 ---p 00000000 00:00 0 
7f33fe830000-7f33fe85a000 rw-p 00000000 00:00 0 
7f33fe85a000-7f33feac7000 ---p 00000000 00:00 0 
7f33feac7000-7f33fead2000 rw-p 00000000 00:00 0 
7f33fead2000-7f33fee88000 ---p 00000000 00:00 0 
7f33fee88000-7f33feea2000 r-xp 00000000 08:01 4603054                    /home/pinger/Android/android-studio/jre/jre/lib/amd64/libzip.so
7f33feea2000-7f33ff0a1000 ---p 0001a000 08:01 4603054                    /home/pinger/Android/android-studio/jre/jre/lib/amd64/libzip.so
7f33ff0a1000-7f33ff0a2000 r--p 00019000 08:01 4603054                    /home/pinger/Android/android-studio/jre/jre/lib/amd64/libzip.so
7f33ff0a2000-7f33ff0a3000 rw-p 0001a000 08:01 4603054                    /home/pinger/Android/android-studio/jre/jre/lib/amd64/libzip.so
7f33ff0a3000-7f33ff0ae000 r-xp 00000000 08:01 3812325                    /lib/x86_64-linux-gnu/libnss_files-2.27.so
7f33ff0ae000-7f33ff2ad000 ---p 0000b000 08:01 3812325                    /lib/x86_64-linux-gnu/libnss_files-2.27.so
7f33ff2ad000-7f33ff2ae000 r--p 0000a000 08:01 3812325                    /lib/x86_64-linux-gnu/libnss_files-2.27.so
7f33ff2ae000-7f33ff2af000 rw-p 0000b000 08:01 3812325                    /lib/x86_64-linux-gnu/libnss_files-2.27.so
7f33ff2af000-7f33ff2b5000 rw-p 00000000 00:00 0 
7f33ff2b5000-7f33ff2ca000 r-xp 00000000 08:01 3812319                    /lib/x86_64-linux-gnu/libnsl-2.27.so
7f33ff2ca000-7f33ff4c9000 ---p 00015000 08:01 3812319                    /lib/x86_64-linux-gnu/libnsl-2.27.so
7f33ff4c9000-7f33ff4ca000 r--p 00014000 08:01 3812319                    /lib/x86_64-linux-gnu/libnsl-2.27.so
7f33ff4ca000-7f33ff4cb000 rw-p 00015000 08:01 3812319                    /lib/x86_64-linux-gnu/libnsl-2.27.so
7f33ff4cb000-7f33ff4cd000 rw-p 00000000 00:00 0 
7f33ff4cd000-7f33ff4d8000 r-xp 00000000 08:01 3812329                    /lib/x86_64-linux-gnu/libnss_nis-2.27.so
7f33ff4d8000-7f33ff6d7000 ---p 0000b000 08:01 3812329                    /lib/x86_64-linux-gnu/libnss_nis-2.27.so
7f33ff6d7000-7f33ff6d8000 r--p 0000a000 08:01 3812329                    /lib/x86_64-linux-gnu/libnss_nis-2.27.so
7f33ff6d8000-7f33ff6d9000 rw-p 0000b000 08:01 3812329                    /lib/x86_64-linux-gnu/libnss_nis-2.27.so
7f33ff6d9000-7f33ff6e0000 r-xp 00000000 08:01 3812321                    /lib/x86_64-linux-gnu/libnss_compat-2.27.so
7f33ff6e0000-7f33ff8df000 ---p 00007000 08:01 3812321                    /lib/x86_64-linux-gnu/libnss_compat-2.27.so
7f33ff8df000-7f33ff8e0000 r--p 00006000 08:01 3812321                    /lib/x86_64-linux-gnu/libnss_compat-2.27.so
7f33ff8e0000-7f33ff8e1000 rw-p 00007000 08:01 3812321                    /lib/x86_64-linux-gnu/libnss_compat-2.27.so
7f33ff8e1000-7f33ff90e000 r-xp 00000000 08:01 4603033                    /home/pinger/Android/android-studio/jre/jre/lib/amd64/libjava.so
7f33ff90e000-7f33ffb0d000 ---p 0002d000 08:01 4603033                    /home/pinger/Android/android-studio/jre/jre/lib/amd64/libjava.so
7f33ffb0d000-7f33ffb0e000 r--p 0002c000 08:01 4603033                    /home/pinger/Android/android-studio/jre/jre/lib/amd64/libjava.so
7f33ffb0e000-7f33ffb10000 rw-p 0002d000 08:01 4603033                    /home/pinger/Android/android-studio/jre/jre/lib/amd64/libjava.so
7f33ffb10000-7f33ffb21000 r-xp 00000000 08:01 4603053                    /home/pinger/Android/android-studio/jre/jre/lib/amd64/libverify.so
7f33ffb21000-7f33ffd20000 ---p 00011000 08:01 4603053                    /home/pinger/Android/android-studio/jre/jre/lib/amd64/libverify.so
7f33ffd20000-7f33ffd22000 r--p 00010000 08:01 4603053                    /home/pinger/Android/android-studio/jre/jre/lib/amd64/libverify.so
7f33ffd22000-7f33ffd23000 rw-p 00012000 08:01 4603053                    /home/pinger/Android/android-studio/jre/jre/lib/amd64/libverify.so
7f33ffd23000-7f33ffd2a000 r-xp 00000000 08:01 3812374                    /lib/x86_64-linux-gnu/librt-2.27.so
7f33ffd2a000-7f33fff29000 ---p 00007000 08:01 3812374                    /lib/x86_64-linux-gnu/librt-2.27.so
7f33fff29000-7f33fff2a000 r--p 00006000 08:01 3812374                    /lib/x86_64-linux-gnu/librt-2.27.so
7f33fff2a000-7f33fff2b000 rw-p 00007000 08:01 3812374                    /lib/x86_64-linux-gnu/librt-2.27.so
7f33fff2b000-7f34000bd000 r-xp 00000000 08:01 3812302                    /lib/x86_64-linux-gnu/libm-2.27.so
7f34000bd000-7f34002bc000 ---p 00192000 08:01 3812302                    /lib/x86_64-linux-gnu/libm-2.27.so
7f34002bc000-7f34002bd000 r--p 00191000 08:01 3812302                    /lib/x86_64-linux-gnu/libm-2.27.so
7f34002bd000-7f34002be000 rw-p 00192000 08:01 3812302                    /lib/x86_64-linux-gnu/libm-2.27.so
7f34002be000-7f3400f2a000 r-xp 00000000 08:01 4603058                    /home/pinger/Android/android-studio/jre/jre/lib/amd64/server/libjvm.so
7f3400f2a000-7f340112a000 ---p 00c6c000 08:01 4603058                    /home/pinger/Android/android-studio/jre/jre/lib/amd64/server/libjvm.so
7f340112a000-7f34011be000 r--p 00c6c000 08:01 4603058                    /home/pinger/Android/android-studio/jre/jre/lib/amd64/server/libjvm.so
7f34011be000-7f34011e6000 rw-p 00d00000 08:01 4603058                    /home/pinger/Android/android-studio/jre/jre/lib/amd64/server/libjvm.so
7f34011e6000-7f3401217000 rw-p 00000000 00:00 0 
7f3401217000-7f34013c8000 r-xp 00000000 08:01 3812233                    /lib/x86_64-linux-gnu/libc-2.27.so
7f34013c8000-7f34015c7000 ---p 001b1000 08:01 3812233                    /lib/x86_64-linux-gnu/libc-2.27.so
7f34015c7000-7f34015cb000 r--p 001b0000 08:01 3812233                    /lib/x86_64-linux-gnu/libc-2.27.so
7f34015cb000-7f34015cd000 rw-p 001b4000 08:01 3812233                    /lib/x86_64-linux-gnu/libc-2.27.so
7f34015cd000-7f34015d1000 rw-p 00000000 00:00 0 
7f34015d1000-7f34015d4000 r-xp 00000000 08:01 3812258                    /lib/x86_64-linux-gnu/libdl-2.27.so
7f34015d4000-7f34017d3000 ---p 00003000 08:01 3812258                    /lib/x86_64-linux-gnu/libdl-2.27.so
7f34017d3000-7f34017d4000 r--p 00002000 08:01 3812258                    /lib/x86_64-linux-gnu/libdl-2.27.so
7f34017d4000-7f34017d5000 rw-p 00003000 08:01 3812258                    /lib/x86_64-linux-gnu/libdl-2.27.so
7f34017d5000-7f34017eb000 r-xp 00000000 08:01 4883867                    /home/pinger/Android/android-studio/jre/jre/lib/amd64/jli/libjli.so
7f34017eb000-7f34019eb000 ---p 00016000 08:01 4883867                    /home/pinger/Android/android-studio/jre/jre/lib/amd64/jli/libjli.so
7f34019eb000-7f34019ec000 r--p 00016000 08:01 4883867                    /home/pinger/Android/android-studio/jre/jre/lib/amd64/jli/libjli.so
7f34019ec000-7f34019ed000 rw-p 00017000 08:01 4883867                    /home/pinger/Android/android-studio/jre/jre/lib/amd64/jli/libjli.so
7f34019ed000-7f3401a06000 r-xp 00000000 08:01 3812364                    /lib/x86_64-linux-gnu/libpthread-2.27.so
7f3401a06000-7f3401c05000 ---p 00019000 08:01 3812364                    /lib/x86_64-linux-gnu/libpthread-2.27.so
7f3401c05000-7f3401c06000 r--p 00018000 08:01 3812364                    /lib/x86_64-linux-gnu/libpthread-2.27.so
7f3401c06000-7f3401c07000 rw-p 00019000 08:01 3812364                    /lib/x86_64-linux-gnu/libpthread-2.27.so
7f3401c07000-7f3401c0b000 rw-p 00000000 00:00 0 
7f3401c0b000-7f3401c30000 r-xp 00000000 08:01 3812205                    /lib/x86_64-linux-gnu/ld-2.27.so
7f3401d0c000-7f3401d0d000 ---p 00000000 00:00 0 
7f3401d0d000-7f3401d10000 ---p 00000000 00:00 0 
7f3401d10000-7f3401e0f000 rw-p 00000000 00:00 0 
7f3401e23000-7f3401e2b000 rw-s 00000000 08:01 1592750                    /tmp/hsperfdata_pinger/2258
7f3401e2b000-7f3401e2c000 rw-p 00000000 00:00 0 
7f3401e2c000-7f3401e2d000 r--p 00000000 00:00 0 
7f3401e2d000-7f3401e2f000 rw-p 00000000 00:00 0 
7f3401e2f000-7f3401e30000 r--p 00024000 08:01 3812205                    /lib/x86_64-linux-gnu/ld-2.27.so
7f3401e30000-7f3401e31000 rw-p 00025000 08:01 3812205                    /lib/x86_64-linux-gnu/ld-2.27.so
7f3401e31000-7f3401e32000 rw-p 00000000 00:00 0 
7fff2f873000-7fff2f894000 rw-p 00000000 00:00 0                          [stack]
7fff2f96a000-7fff2f96d000 r--p 00000000 00:00 0                          [vvar]
7fff2f96d000-7fff2f96f000 r-xp 00000000 00:00 0                          [vdso]
ffffffffff600000-ffffffffff601000 r-xp 00000000 00:00 0                  [vsyscall]

VM Arguments:
jvm_args: -Dawt.useSystemAAFontSettings=gasp 
java_command: org.jetbrains.git4idea.http.GitAskPassApp Username for 'https://github.com': 
java_class_path (initial): /home/pinger/Android/android-studio/plugins/git4idea/lib/git4idea-rt.jar:/home/pinger/Android/android-studio/lib/xmlrpc-2.0.1.jar:/home/pinger/Android/android-studio/lib/commons-codec-1.9.jar:/home/pinger/Android/android-studio/lib/util.jar
Launcher Type: SUN_STANDARD

Environment Variables:
_JAVA_OPTIONS=  -Dawt.useSystemAAFontSettings=gasp
PATH=/usr/lib/git-core:/usr/local/bin:/usr/bin:/bin:/usr/local/games:/usr/games:/sbin:/usr/sbin:/home/pinger/flutter/bin:/home/pinger/Android/android-sdk/tools:/home/pinger/Android/android-sdk/platform-tools:/home/pinger/Android/android-studio/gradle/gradle-4.6/bin
SHELL=/bin/bash
DISPLAY=:0

Signal Handlers:
SIGSEGV: [libjvm.so+0xa71670], sa_mask[0]=11111111011111111101111111111110, sa_flags=SA_RESTART|SA_SIGINFO
SIGBUS: [libjvm.so+0xa71670], sa_mask[0]=11111111011111111101111111111110, sa_flags=SA_RESTART|SA_SIGINFO
SIGFPE: [libjvm.so+0x8b1780], sa_mask[0]=11111111011111111101111111111110, sa_flags=SA_RESTART|SA_SIGINFO
SIGPIPE: [libjvm.so+0x8b1780], sa_mask[0]=11111111011111111101111111111110, sa_flags=SA_RESTART|SA_SIGINFO
SIGXFSZ: [libjvm.so+0x8b1780], sa_mask[0]=11111111011111111101111111111110, sa_flags=SA_RESTART|SA_SIGINFO
SIGILL: [libjvm.so+0x8b1780], sa_mask[0]=11111111011111111101111111111110, sa_flags=SA_RESTART|SA_SIGINFO
SIGUSR1: SIG_DFL, sa_mask[0]=00000000000000000000000000000000, sa_flags=none
SIGUSR2: [libjvm.so+0x8b1650], sa_mask[0]=00100000000000000000000000000000, sa_flags=SA_RESTART|SA_SIGINFO
SIGHUP: SIG_IGN, sa_mask[0]=00000000000000000000000000000000, sa_flags=none
SIGINT: SIG_DFL, sa_mask[0]=00000000000000000000000000000000, sa_flags=none
SIGTERM: SIG_DFL, sa_mask[0]=00000000000000000000000000000000, sa_flags=none
SIGQUIT: SIG_DFL, sa_mask[0]=00000000000000000000000000000000, sa_flags=none


---------------  S Y S T E M  ---------------

OS:DISTRIB_ID=Deepin
DISTRIB_RELEASE="15.7"
DISTRIB_DESCRIPTION="Deepin 15.7 "
DISTRIB_CODENAME=unstable

uname:Linux 4.15.0-29deepin-generic #31 SMP Fri Jul 27 07:12:08 UTC 2018 x86_64
libc:glibc 2.27 NPTL 2.27 
rlimit: STACK 8192k, CORE 0k, NPROC 63425, NOFILE 1048576, AS infinity
load average:19.38 7.54 3.59

/proc/meminfo:
MemTotal:       16288664 kB
MemFree:          167660 kB
MemAvailable:      62228 kB
Buffers:            1112 kB
Cached:          2048472 kB
SwapCached:            0 kB
Active:         12446916 kB
Inactive:        2022664 kB
Active(anon):   12420564 kB
Inactive(anon):  1998240 kB
Active(file):      26352 kB
Inactive(file):    24424 kB
Unevictable:         584 kB
Mlocked:             584 kB
SwapTotal:             0 kB
SwapFree:              0 kB
Dirty:               144 kB
Writeback:            76 kB
AnonPages:      12421224 kB
Mapped:          1585288 kB
Shmem:           1998196 kB
Slab:             211232 kB
SReclaimable:      75968 kB
SUnreclaim:       135264 kB
KernelStack:       19088 kB
PageTables:        96912 kB
NFS_Unstable:          0 kB
Bounce:                0 kB
WritebackTmp:          0 kB
CommitLimit:     8144332 kB
Committed_AS:   23253496 kB
VmallocTotal:   34359738367 kB
VmallocUsed:           0 kB
VmallocChunk:          0 kB
HardwareCorrupted:     0 kB
AnonHugePages:         0 kB
ShmemHugePages:        0 kB
ShmemPmdMapped:        0 kB
CmaTotal:              0 kB
CmaFree:               0 kB
HugePages_Total:       0
HugePages_Free:        0
HugePages_Rsvd:        0
HugePages_Surp:        0
Hugepagesize:       2048 kB
DirectMap4k:      591680 kB
DirectMap2M:    14999552 kB
DirectMap1G:     1048576 kB


CPU:total 4 (initial active 4) (4 cores per cpu, 1 threads per core) family 6 model 158 stepping 9, cmov, cx8, fxsr, mmx, sse, sse2, sse3, ssse3, sse4.1, sse4.2, popcnt, avx, avx2, aes, clmul, erms, 3dnowpref, lzcnt, tsc, tscinvbit, bmi1, bmi2, adx

/proc/cpuinfo:
processor	: 0
vendor_id	: GenuineIntel
cpu family	: 6
model		: 158
model name	: Intel(R) Core(TM) i5-7400 CPU @ 3.00GHz
stepping	: 9
microcode	: 0x42
cpu MHz		: 3305.378
cache size	: 6144 KB
physical id	: 0
siblings	: 4
core id		: 0
cpu cores	: 4
apicid		: 0
initial apicid	: 0
fpu		: yes
fpu_exception	: yes
cpuid level	: 22
wp		: yes
flags		: fpu vme de pse tsc msr pae mce cx8 apic sep mtrr pge mca cmov pat pse36 clflush dts acpi mmx fxsr sse sse2 ss ht tm pbe syscall nx pdpe1gb rdtscp lm constant_tsc art arch_perfmon pebs bts rep_good nopl xtopology nonstop_tsc cpuid aperfmperf tsc_known_freq pni pclmulqdq dtes64 monitor ds_cpl vmx est tm2 ssse3 sdbg fma cx16 xtpr pdcm pcid sse4_1 sse4_2 x2apic movbe popcnt aes xsave avx f16c rdrand lahf_lm abm 3dnowprefetch cpuid_fault invpcid_single pti tpr_shadow vnmi flexpriority ept vpid fsgsbase tsc_adjust bmi1 avx2 smep bmi2 erms invpcid mpx rdseed adx smap clflushopt intel_pt xsaveopt xsavec xgetbv1 xsaves dtherm ida arat pln pts hwp hwp_notify hwp_act_window hwp_epp
bugs		: cpu_meltdown spectre_v1 spectre_v2 spec_store_bypass
bogomips	: 6000.00
clflush size	: 64
cache_alignment	: 64
address sizes	: 39 bits physical, 48 bits virtual
power management:

processor	: 1
vendor_id	: GenuineIntel
cpu family	: 6
model		: 158
model name	: Intel(R) Core(TM) i5-7400 CPU @ 3.00GHz
stepping	: 9
microcode	: 0x42
cpu MHz		: 3300.891
cache size	: 6144 KB
physical id	: 0
siblings	: 4
core id		: 1
cpu cores	: 4
apicid		: 2
initial apicid	: 2
fpu		: yes
fpu_exception	: yes
cpuid level	: 22
wp		: yes
flags		: fpu vme de pse tsc msr pae mce cx8 apic sep mtrr pge mca cmov pat pse36 clflush dts acpi mmx fxsr sse sse2 ss ht tm pbe syscall nx pdpe1gb rdtscp lm constant_tsc art arch_perfmon pebs bts rep_good nopl xtopology nonstop_tsc cpuid aperfmperf tsc_known_freq pni pclmulqdq dtes64 monitor ds_cpl vmx est tm2 ssse3 sdbg fma cx16 xtpr pdcm pcid sse4_1 sse4_2 x2apic movbe popcnt aes xsave avx f16c rdrand lahf_lm abm 3dnowprefetch cpuid_fault invpcid_single pti tpr_shadow vnmi flexpriority ept vpid fsgsbase tsc_adjust bmi1 avx2 smep bmi2 erms invpcid mpx rdseed adx smap clflushopt intel_pt xsaveopt xsavec xgetbv1 xsaves dtherm ida arat pln pts hwp hwp_notify hwp_act_window hwp_epp
bugs		: cpu_meltdown spectre_v1 spectre_v2 spec_store_bypass
bogomips	: 6000.00
clflush size	: 64
cache_alignment	: 64
address sizes	: 39 bits physical, 48 bits virtual
power management:

processor	: 2
vendor_id	: GenuineIntel
cpu family	: 6
model		: 158
model name	: Intel(R) Core(TM) i5-7400 CPU @ 3.00GHz
stepping	: 9
microcode	: 0x42
cpu MHz		: 3299.956
cache size	: 6144 KB
physical id	: 0
siblings	: 4
core id		: 2
cpu cores	: 4
apicid		: 4
initial apicid	: 4
fpu		: yes
fpu_exception	: yes
cpuid level	: 22
wp		: yes
flags		: fpu vme de pse tsc msr pae mce cx8 apic sep mtrr pge mca cmov pat pse36 clflush dts acpi mmx fxsr sse sse2 ss ht tm pbe syscall nx pdpe1gb rdtscp lm constant_tsc art arch_perfmon pebs bts rep_good nopl xtopology nonstop_tsc cpuid aperfmperf tsc_known_freq pni pclmulqdq dtes64 monitor ds_cpl vmx est tm2 ssse3 sdbg fma cx16 xtpr pdcm pcid sse4_1 sse4_2 x2apic movbe popcnt aes xsave avx f16c rdrand lahf_lm abm 3dnowprefetch cpuid_fault invpcid_single pti tpr_shadow vnmi flexpriority ept vpid fsgsbase tsc_adjust bmi1 avx2 smep bmi2 erms invpcid mpx rdseed adx smap clflushopt intel_pt xsaveopt xsavec xgetbv1 xsaves dtherm ida arat pln pts hwp hwp_notify hwp_act_window hwp_epp
bugs		: cpu_meltdown spectre_v1 spectre_v2 spec_store_bypass
bogomips	: 6000.00
clflush size	: 64
cache_alignment	: 64
address sizes	: 39 bits physical, 48 bits virtual
power management:

processor	: 3
vendor_id	: GenuineIntel
cpu family	: 6
model		: 158
model name	: Intel(R) Core(TM) i5-7400 CPU @ 3.00GHz
stepping	: 9
microcode	: 0x42
cpu MHz		: 3302.625
cache size	: 6144 KB
physical id	: 0
siblings	: 4
core id		: 3
cpu cores	: 4
apicid		: 6
initial apicid	: 6
fpu		: yes
fpu_exception	: yes
cpuid level	: 22
wp		: yes
flags		: fpu vme de pse tsc msr pae mce cx8 apic sep mtrr pge mca cmov pat pse36 clflush dts acpi mmx fxsr sse sse2 ss ht tm pbe syscall nx pdpe1gb rdtscp lm constant_tsc art arch_perfmon pebs bts rep_good nopl xtopology nonstop_tsc cpuid aperfmperf tsc_known_freq pni pclmulqdq dtes64 monitor ds_cpl vmx est tm2 ssse3 sdbg fma cx16 xtpr pdcm pcid sse4_1 sse4_2 x2apic movbe popcnt aes xsave avx f16c rdrand lahf_lm abm 3dnowprefetch cpuid_fault invpcid_single pti tpr_shadow vnmi flexpriority ept vpid fsgsbase tsc_adjust bmi1 avx2 smep bmi2 erms invpcid mpx rdseed adx smap clflushopt intel_pt xsaveopt xsavec xgetbv1 xsaves dtherm ida arat pln pts hwp hwp_notify hwp_act_window hwp_epp
bugs		: cpu_meltdown spectre_v1 spectre_v2 spec_store_bypass
bogomips	: 6000.00
clflush size	: 64
cache_alignment	: 64
address sizes	: 39 bits physical, 48 bits virtual
power management:



Memory: 4k page, physical 16288664k(166544k free), swap 0k(0k free)

vm_info: OpenJDK 64-Bit Server VM (25.152-b06) for linux-amd64 JRE (1.8.0_152-release-1136-b06), built by "builder" with gcc 7.3.0

time: Fri Nov  2 18:47:37 2018
elapsed time: 1 seconds (0d 0h 0m 1s)

